<?xml version="1.0" encoding="UTF-8"?>
<!-- Generated by org.testng.reporters.JUnitReportReporter -->
<testsuite hostname="DELL-PC" failures="0" tests="1" name="in.otpxpress.qa.testcases.HomePageTest" time="4.466" errors="0" timestamp="21 Feb 2021 08:27:27 GMT" skipped="0">
  <testcase classname="in.otpxpress.qa.testcases.HomePageTest" name="searchProduct" time="4.466"/>
</testsuite> <!-- in.otpxpress.qa.testcases.HomePageTest -->
